# JRE version: Java(TM) SE Runtime Environment (8.0_40-b27) (build 1.8.0_40-b27)
# Java VM: Java HotSpot(TM) 64-Bit Server VM (25.40-b25 mixed mode bsd-amd64 compressed oops)
Heap:
 PSYoungGen      total 334336K, used 104925K [0x0000000795580000, 0x00000007ac200000, 0x00000007c0000000)
  eden space 304640K, 34% used [0x0000000795580000,0x000000079bbf7738,0x00000007a7f00000)
  from space 29696K, 0% used [0x00000007aa500000,0x00000007aa500000,0x00000007ac200000)
  to   space 34304K, 0% used [0x00000007a7f00000,0x00000007a7f00000,0x00000007aa080000)
 ParOldGen       total 104960K, used 35313K [0x0000000740000000, 0x0000000746680000, 0x0000000795580000)
  object space 104960K, 33% used [0x0000000740000000,0x000000074227c400,0x0000000746680000)
 Metaspace       used 42233K, capacity 43038K, committed 43520K, reserved 1087488K
  class space    used 5078K, capacity 5287K, committed 5376K, reserved 1048576K
GC Heap History (10 events):
Event: 10.539 GC heap before
{Heap before GC invocations=8 (full 1):
 PSYoungGen      total 141824K, used 130560K [0x0000000795580000, 0x000000079f280000, 0x00000007c0000000)
  eden space 130560K, 100% used [0x0000000795580000,0x000000079d500000,0x000000079d500000)
  from space 11264K, 0% used [0x000000079e280000,0x000000079e280000,0x000000079ed80000)
  to   space 13824K, 0% used [0x000000079d500000,0x000000079d500000,0x000000079e280000)
 ParOldGen       total 65536K, used 17254K [0x0000000740000000, 0x0000000744000000, 0x0000000795580000)
  object space 65536K, 26% used [0x0000000740000000,0x00000007410d9850,0x0000000744000000)
 Metaspace       used 28124K, capacity 28824K, committed 29184K, reserved 1075200K
  class space    used 3346K, capacity 3523K, committed 3584K, reserved 1048576K
Event: 10.570 GC heap after
Heap after GC invocations=8 (full 1):
 PSYoungGen      total 144384K, used 13804K [0x0000000795580000, 0x00000007a5100000, 0x00000007c0000000)
  eden space 130560K, 0% used [0x0000000795580000,0x0000000795580000,0x000000079d500000)
  from space 13824K, 99% used [0x000000079d500000,0x000000079e27b0e0,0x000000079e280000)
  to   space 18944K, 0% used [0x00000007a3e80000,0x00000007a3e80000,0x00000007a5100000)
 ParOldGen       total 65536K, used 23268K [0x0000000740000000, 0x0000000744000000, 0x0000000795580000)
  object space 65536K, 35% used [0x0000000740000000,0x00000007416b9018,0x0000000744000000)
 Metaspace       used 28124K, capacity 28824K, committed 29184K, reserved 1075200K
  class space    used 3346K, capacity 3523K, committed 3584K, reserved 1048576K
}
Event: 11.404 GC heap before
{Heap before GC invocations=9 (full 1):
 PSYoungGen      total 144384K, used 144364K [0x0000000795580000, 0x00000007a5100000, 0x00000007c0000000)
  eden space 130560K, 100% used [0x0000000795580000,0x000000079d500000,0x000000079d500000)
  from space 13824K, 99% used [0x000000079d500000,0x000000079e27b0e0,0x000000079e280000)
  to   space 18944K, 0% used [0x00000007a3e80000,0x00000007a3e80000,0x00000007a5100000)
 ParOldGen       total 65536K, used 23268K [0x0000000740000000, 0x0000000744000000, 0x0000000795580000)
  object space 65536K, 35% used [0x0000000740000000,0x00000007416b9018,0x0000000744000000)
 Metaspace       used 28168K, capacity 28824K, committed 29184K, reserved 1075200K
  class space    used 3348K, capacity 3523K, committed 3584K, reserved 1048576K
Event: 11.437 GC heap after
Heap after GC invocations=9 (full 1):
 PSYoungGen      total 231936K, used 18920K [0x0000000795580000, 0x00000007a6180000, 0x00000007c0000000)
  eden space 212992K, 0% used [0x0000000795580000,0x0000000795580000,0x00000007a2580000)
  from space 18944K, 99% used [0x00000007a3e80000,0x00000007a50fa020,0x00000007a5100000)
  to   space 25600K, 0% used [0x00000007a2580000,0x00000007a2580000,0x00000007a3e80000)
 ParOldGen       total 65536K, used 31818K [0x0000000740000000, 0x0000000744000000, 0x0000000795580000)
  object space 65536K, 48% used [0x0000000740000000,0x0000000741f12a38,0x0000000744000000)
 Metaspace       used 28168K, capacity 28824K, committed 29184K, reserved 1075200K
  class space    used 3348K, capacity 3523K, committed 3584K, reserved 1048576K
}
Event: 12.454 GC heap before
{Heap before GC invocations=10 (full 1):
 PSYoungGen      total 231936K, used 231912K [0x0000000795580000, 0x00000007a6180000, 0x00000007c0000000)
  eden space 212992K, 100% used [0x0000000795580000,0x00000007a2580000,0x00000007a2580000)
  from space 18944K, 99% used [0x00000007a3e80000,0x00000007a50fa020,0x00000007a5100000)
  to   space 25600K, 0% used [0x00000007a2580000,0x00000007a2580000,0x00000007a3e80000)
 ParOldGen       total 65536K, used 31818K [0x0000000740000000, 0x0000000744000000, 0x0000000795580000)
  object space 65536K, 48% used [0x0000000740000000,0x0000000741f12a38,0x0000000744000000)
 Metaspace       used 28186K, capacity 28838K, committed 29184K, reserved 1075200K
  class space    used 3351K, capacity 3525K, committed 3584K, reserved 1048576K
Event: 12.500 GC heap after
Heap after GC invocations=10 (full 1):
 PSYoungGen      total 238592K, used 25592K [0x0000000795580000, 0x00000007ac800000, 0x00000007c0000000)
  eden space 212992K, 0% used [0x0000000795580000,0x0000000795580000,0x00000007a2580000)
  from space 25600K, 99% used [0x00000007a2580000,0x00000007a3e7e0c8,0x00000007a3e80000)
  to   space 35840K, 0% used [0x00000007aa500000,0x00000007aa500000,0x00000007ac800000)
 ParOldGen       total 65536K, used 47059K [0x0000000740000000, 0x0000000744000000, 0x0000000795580000)
  object space 65536K, 71% used [0x0000000740000000,0x0000000742df4f68,0x0000000744000000)
 Metaspace       used 28186K, capacity 28838K, committed 29184K, reserved 1075200K
  class space    used 3351K, capacity 3525K, committed 3584K, reserved 1048576K
}
Event: 13.581 GC heap before
{Heap before GC invocations=11 (full 1):
 PSYoungGen      total 238592K, used 104005K [0x0000000795580000, 0x00000007ac800000, 0x00000007c0000000)
  eden space 212992K, 36% used [0x0000000795580000,0x000000079a2136a8,0x00000007a2580000)
  from space 25600K, 99% used [0x00000007a2580000,0x00000007a3e7e0c8,0x00000007a3e80000)
  to   space 35840K, 0% used [0x00000007aa500000,0x00000007aa500000,0x00000007ac800000)
 ParOldGen       total 65536K, used 47059K [0x0000000740000000, 0x0000000744000000, 0x0000000795580000)
  object space 65536K, 71% used [0x0000000740000000,0x0000000742df4f68,0x0000000744000000)
 Metaspace       used 34487K, capacity 35246K, committed 35496K, reserved 1081344K
  class space    used 4124K, capacity 4339K, committed 4352K, reserved 1048576K
Event: 13.602 GC heap after
Heap after GC invocations=11 (full 1):
 PSYoungGen      total 334336K, used 12835K [0x0000000795580000, 0x00000007ac200000, 0x00000007c0000000)
  eden space 304640K, 0% used [0x0000000795580000,0x0000000795580000,0x00000007a7f00000)
  from space 29696K, 43% used [0x00000007aa500000,0x00000007ab188cb0,0x00000007ac200000)
  to   space 34304K, 0% used [0x00000007a7f00000,0x00000007a7f00000,0x00000007aa080000)
 ParOldGen       total 65536K, used 53097K [0x0000000740000000, 0x0000000744000000, 0x0000000795580000)
  object space 65536K, 81% used [0x0000000740000000,0x00000007433da478,0x0000000744000000)
 Metaspace       used 34487K, capacity 35246K, committed 35496K, reserved 1081344K
  class space    used 4124K, capacity 4339K, committed 4352K, reserved 1048576K
}
Event: 13.602 GC heap before
{Heap before GC invocations=12 (full 2):
 PSYoungGen      total 334336K, used 12835K [0x0000000795580000, 0x00000007ac200000, 0x00000007c0000000)
  eden space 304640K, 0% used [0x0000000795580000,0x0000000795580000,0x00000007a7f00000)
  from space 29696K, 43% used [0x00000007aa500000,0x00000007ab188cb0,0x00000007ac200000)
  to   space 34304K, 0% used [0x00000007a7f00000,0x00000007a7f00000,0x00000007aa080000)
 ParOldGen       total 65536K, used 53097K [0x0000000740000000, 0x0000000744000000, 0x0000000795580000)
  object space 65536K, 81% used [0x0000000740000000,0x00000007433da478,0x0000000744000000)
 Metaspace       used 34487K, capacity 35246K, committed 35496K, reserved 1081344K
  class space    used 4124K, capacity 4339K, committed 4352K, reserved 1048576K
Event: 13.682 GC heap after
Heap after GC invocations=12 (full 2):
 PSYoungGen      total 334336K, used 0K [0x0000000795580000, 0x00000007ac200000, 0x00000007c0000000)
  eden space 304640K, 0% used [0x0000000795580000,0x0000000795580000,0x00000007a7f00000)
  from space 29696K, 0% used [0x00000007aa500000,0x00000007aa500000,0x00000007ac200000)
  to   space 34304K, 0% used [0x00000007a7f00000,0x00000007a7f00000,0x00000007aa080000)
 ParOldGen       total 104960K, used 35313K [0x0000000740000000, 0x0000000746680000, 0x0000000795580000)
  object space 104960K, 33% used [0x0000000740000000,0x000000074227c400,0x0000000746680000)
 Metaspace       used 34487K, capacity 35246K, committed 35496K, reserved 1081344K
  class space    used 4124K, capacity 4339K, committed 4352K, reserved 1048576K
}

